<?xml version="1.0" encoding="UTF-8"?>
<testsuite name="com.zaxxer.nuprocess.ThreadedTest" tests="1" skipped="0" failures="0" errors="0" timestamp="2022-07-08T07:42:52" hostname="MMBP1320.local" time="1.44">
  <properties/>
  <testcase name="threadTest1" classname="com.zaxxer.nuprocess.ThreadedTest" time="1.44"/>
  <system-out><![CDATA[3 Maximum memory used: 10083184
0 Maximum memory used: 12342064
2 Maximum memory used: 10410208
3 Total execution time (ms): 1435
2 Total execution time (ms): 1436
0 Total execution time (ms): 1436
1 Maximum memory used: 20786704
1 Total execution time (ms): 1438
]]></system-out>
  <system-err><![CDATA[Starting threadTest1()
  started thread: 0
  started thread: 1
  started thread: 2
  started thread: 3
Completed threadTest1()
]]></system-err>
</testsuite>
