<?xml version="1.0" encoding="UTF-8"?>
<testsuite name="com.zaxxer.nuprocess.FastExitingProcessTest" tests="1" skipped="0" failures="0" errors="0" timestamp="2022-07-08T07:42:35" hostname="MMBP1320.local" time="14.856">
  <properties/>
  <testcase name="whenProcessWritesToStdoutThenExitsThenHandlerReceivesOutput" classname="com.zaxxer.nuprocess.FastExitingProcessTest" time="14.856"/>
  <system-out><![CDATA[]]></system-out>
  <system-err><![CDATA[]]></system-err>
</testsuite>
