<?xml version="1.0" encoding="UTF-8"?>
<testsuite name="com.zaxxer.nuprocess.DirectWriteTest" tests="5" skipped="0" failures="0" errors="0" timestamp="2022-07-08T07:42:34" hostname="MMBP1320.local" time="1.167">
  <properties/>
  <testcase name="testConsecutiveWrites" classname="com.zaxxer.nuprocess.DirectWriteTest" time="0.513"/>
  <testcase name="testDirectWriteBig" classname="com.zaxxer.nuprocess.DirectWriteTest" time="0.022"/>
  <testcase name="lotOfDataSync" classname="com.zaxxer.nuprocess.DirectWriteTest" time="0.117"/>
  <testcase name="testFewWrites" classname="com.zaxxer.nuprocess.DirectWriteTest" time="0.507"/>
  <testcase name="testDirectWrite" classname="com.zaxxer.nuprocess.DirectWriteTest" time="0.007"/>
  <system-out><![CDATA[Writing: 128K of data, waiting for checksum -65536
Reading.  Current checksum -32768
Reading.  Current checksum -65536
Checksums matched, exiting.
Reading.  Current checksum -65536
Checksums matched, exiting.
Writing: This is a test
Read: This is a test
]]></system-out>
  <system-err><![CDATA[Starting test lotOfDataSync()
Completed test lotOfDataSync()
]]></system-err>
</testsuite>
