<?xml version="1.0" encoding="UTF-8"?>
<testsuite name="com.zaxxer.nuprocess.CatTest" tests="10" skipped="0" failures="0" errors="0" timestamp="2022-07-08T07:42:30" hostname="MMBP1320.local" time="3.611">
  <properties/>
  <testcase name="lotOfProcesses" classname="com.zaxxer.nuprocess.CatTest" time="3.299"/>
  <testcase name="decodingShortUtf8Data" classname="com.zaxxer.nuprocess.CatTest" time="0.005"/>
  <testcase name="wantWriteDuringOnStdinReady" classname="com.zaxxer.nuprocess.CatTest" time="0.004"/>
  <testcase name="badExit" classname="com.zaxxer.nuprocess.CatTest" time="0.008"/>
  <testcase name="lotOfData" classname="com.zaxxer.nuprocess.CatTest" time="0.233"/>
  <testcase name="softCloseStdinAfterWrite" classname="com.zaxxer.nuprocess.CatTest" time="0.002"/>
  <testcase name="decodingLongUtf8Data" classname="com.zaxxer.nuprocess.CatTest" time="0.027"/>
  <testcase name="noExecutableFound" classname="com.zaxxer.nuprocess.CatTest" time="0.013"/>
  <testcase name="callbackOrder" classname="com.zaxxer.nuprocess.CatTest" time="0.007"/>
  <testcase name="changeCwd" classname="com.zaxxer.nuprocess.CatTest" time="0.012"/>
  <system-out><![CDATA[]]></system-out>
  <system-err><![CDATA[Starting test lotOfProcesses()
 Iteration 1
 Iteration 2
 Iteration 3
 Iteration 4
 Iteration 5
 Iteration 6
 Iteration 7
 Iteration 8
 Iteration 9
 Iteration 10
 Iteration 11
 Iteration 12
 Iteration 13
 Iteration 14
 Iteration 15
 Iteration 16
 Iteration 17
 Iteration 18
 Iteration 19
 Iteration 20
Completed test lotOfProcesses()
Starting test decodingShortUtf8Data()
Completed test decodingShortUtf8Data()
Starting test wantWriteDuringOnStdinReady()
Completed test wantWriteDuringOnStdinReady()
Starting test badExit()
Completed test badExit()
Starting test lotOfData()
Completed test lotOfData()
Starting test softCloseStdinAfterWrite()
Completed test softCloseStdinAfterWrite()
Starting test decodingLongUtf8Data()
Completed test decodingLongUtf8Data()
Starting test noExecutableFound()
Jul 08, 2022 12:42:34 AM com.zaxxer.nuprocess.osx.OsxProcess start
WARNING: Exception thrown from handler
java.lang.RuntimeException: Invocation of posix_spawn() failed, return code: 2, last error: 2
	at com.zaxxer.nuprocess.internal.BasePosixProcess.checkReturnCode(BasePosixProcess.java:651)
	at com.zaxxer.nuprocess.osx.OsxProcess.start(OsxProcess.java:64)
	at com.zaxxer.nuprocess.osx.OsxProcessFactory.createProcess(OsxProcessFactory.java:34)
	at com.zaxxer.nuprocess.NuProcessBuilder.start(NuProcessBuilder.java:259)
	at com.zaxxer.nuprocess.CatTest.noExecutableFound(CatTest.java:199)
	at java.base/jdk.internal.reflect.DirectMethodHandleAccessor.invoke(DirectMethodHandleAccessor.java:104)
	at java.base/java.lang.reflect.Method.invoke(Method.java:577)
	at org.junit.runners.model.FrameworkMethod$1.runReflectiveCall(FrameworkMethod.java:59)
	at org.junit.internal.runners.model.ReflectiveCallable.run(ReflectiveCallable.java:12)
	at org.junit.runners.model.FrameworkMethod.invokeExplosively(FrameworkMethod.java:56)
	at org.junit.internal.runners.statements.InvokeMethod.evaluate(InvokeMethod.java:17)
	at org.junit.internal.runners.statements.RunBefores.evaluate(RunBefores.java:26)
	at org.junit.rules.ExternalResource$1.evaluate(ExternalResource.java:54)
	at org.junit.runners.ParentRunner$3.evaluate(ParentRunner.java:306)
	at org.junit.runners.BlockJUnit4ClassRunner$1.evaluate(BlockJUnit4ClassRunner.java:100)
	at org.junit.runners.ParentRunner.runLeaf(ParentRunner.java:366)
	at org.junit.runners.BlockJUnit4ClassRunner.runChild(BlockJUnit4ClassRunner.java:103)
	at org.junit.runners.BlockJUnit4ClassRunner.runChild(BlockJUnit4ClassRunner.java:63)
	at org.junit.runners.ParentRunner$4.run(ParentRunner.java:331)
	at org.junit.runners.ParentRunner$1.schedule(ParentRunner.java:79)
	at org.junit.runners.ParentRunner.runChildren(ParentRunner.java:329)
	at org.junit.runners.ParentRunner.access$100(ParentRunner.java:66)
	at org.junit.runners.ParentRunner$2.evaluate(ParentRunner.java:293)
	at org.junit.runners.ParentRunner$3.evaluate(ParentRunner.java:306)
	at org.junit.runners.ParentRunner.run(ParentRunner.java:413)
	at org.junit.runner.JUnitCore.run(JUnitCore.java:137)
	at org.junit.runner.JUnitCore.run(JUnitCore.java:115)
	at org.junit.vintage.engine.execution.RunnerExecutor.execute(RunnerExecutor.java:42)
	at org.junit.vintage.engine.VintageTestEngine.executeAllChildren(VintageTestEngine.java:80)
	at org.junit.vintage.engine.VintageTestEngine.execute(VintageTestEngine.java:72)
	at org.junit.platform.launcher.core.EngineExecutionOrchestrator.execute(EngineExecutionOrchestrator.java:108)
	at org.junit.platform.launcher.core.EngineExecutionOrchestrator.execute(EngineExecutionOrchestrator.java:88)
	at org.junit.platform.launcher.core.EngineExecutionOrchestrator.lambda$execute$0(EngineExecutionOrchestrator.java:54)
	at org.junit.platform.launcher.core.EngineExecutionOrchestrator.withInterceptedStreams(EngineExecutionOrchestrator.java:67)
	at org.junit.platform.launcher.core.EngineExecutionOrchestrator.execute(EngineExecutionOrchestrator.java:52)
	at org.junit.platform.launcher.core.DefaultLauncher.execute(DefaultLauncher.java:96)
	at org.junit.platform.launcher.core.DefaultLauncher.execute(DefaultLauncher.java:75)
	at org.gradle.api.internal.tasks.testing.junitplatform.JUnitPlatformTestClassProcessor$CollectAllTestClassesExecutor.processAllTestClasses(JUnitPlatformTestClassProcessor.java:99)
	at org.gradle.api.internal.tasks.testing.junitplatform.JUnitPlatformTestClassProcessor$CollectAllTestClassesExecutor.access$000(JUnitPlatformTestClassProcessor.java:79)
	at org.gradle.api.internal.tasks.testing.junitplatform.JUnitPlatformTestClassProcessor.stop(JUnitPlatformTestClassProcessor.java:75)
	at org.gradle.api.internal.tasks.testing.SuiteTestClassProcessor.stop(SuiteTestClassProcessor.java:61)
	at java.base/jdk.internal.reflect.DirectMethodHandleAccessor.invoke(DirectMethodHandleAccessor.java:104)
	at java.base/java.lang.reflect.Method.invoke(Method.java:577)
	at org.gradle.internal.dispatch.ReflectionDispatch.dispatch(ReflectionDispatch.java:36)
	at org.gradle.internal.dispatch.ReflectionDispatch.dispatch(ReflectionDispatch.java:24)
	at org.gradle.internal.dispatch.ContextClassLoaderDispatch.dispatch(ContextClassLoaderDispatch.java:33)
	at org.gradle.internal.dispatch.ProxyDispatchAdapter$DispatchingInvocationHandler.invoke(ProxyDispatchAdapter.java:94)
	at jdk.proxy1/jdk.proxy1.$Proxy2.stop(Unknown Source)
	at org.gradle.api.internal.tasks.testing.worker.TestWorker$3.run(TestWorker.java:193)
	at org.gradle.api.internal.tasks.testing.worker.TestWorker.executeAndMaintainThreadName(TestWorker.java:129)
	at org.gradle.api.internal.tasks.testing.worker.TestWorker.execute(TestWorker.java:100)
	at org.gradle.api.internal.tasks.testing.worker.TestWorker.execute(TestWorker.java:60)
	at org.gradle.process.internal.worker.child.ActionExecutionWorker.execute(ActionExecutionWorker.java:56)
	at org.gradle.process.internal.worker.child.SystemApplicationClassLoaderWorker.call(SystemApplicationClassLoaderWorker.java:133)
	at org.gradle.process.internal.worker.child.SystemApplicationClassLoaderWorker.call(SystemApplicationClassLoaderWorker.java:71)
	at worker.org.gradle.process.internal.worker.GradleWorkerMain.run(GradleWorkerMain.java:69)
	at worker.org.gradle.process.internal.worker.GradleWorkerMain.main(GradleWorkerMain.java:74)

Completed test noExecutableFound()
Starting test changeCwd() (java cwd=/Users/m/Documents/p/java/Robecca-Core/NuProcess, tmp=/var/folders/h2/l2t6g3t1071_31z1365fvd2c0000gn/T/junit1008125116980291669)
Completed test changeCwd()
]]></system-err>
</testsuite>
