<?xml version="1.0" encoding="UTF-8"?>
<testsuite name="com.zaxxer.nuprocess.linux.EpollEventTest" tests="1" skipped="0" failures="0" errors="0" timestamp="2022-07-08T07:42:53" hostname="MMBP1320.local" time="0.003">
  <properties/>
  <testcase name="testSize" classname="com.zaxxer.nuprocess.linux.EpollEventTest" time="0.003"/>
  <system-out><![CDATA[]]></system-out>
  <system-err><![CDATA[]]></system-err>
</testsuite>
